2026-05-10 13:27:10  INFO     [evaluate]  log → /Users/anyarulina/telegram-style-transfer/logs/evaluate_20260510_132710.log
2026-05-10 13:27:10  INFO     [evaluate]  eval limit=100  source=/Users/anyarulina/telegram-style-transfer/configs/data.yaml
2026-05-10 13:27:10  INFO     [evaluate]  --- [1/5] LENGTH COMPARISON ---
2026-05-10 13:27:10  INFO     [evaluate]  Length report:

=== type1 (n=100) ===
  Input: chars mean=265  median=230  std=159  [0, 764]
  Reference: chars mean=254  median=220  std=161  [44, 935]
  Ref/Input char ratio: mean=4.79  median=0.93
  Generated: chars mean=nan  median=nan  std=nan  [nan, nan]
  Gen/Input char ratio: mean=nan  median=nan
  Gen/Ref char ratio: mean=nan  median=nan

=== type2 (n=100) ===
  Input: chars mean=226  median=201  std=114  [64, 537]
  Reference: chars mean=213  median=186  std=114  [50, 564]
  Ref/Input char ratio: mean=0.93  median=0.93
  Generated: chars mean=793  median=850  std=242  [29.0, 1206.0]
  Gen/Input char ratio: mean=4.61  median=3.73
  Gen/Ref char ratio: mean=5.07  median=3.96
2026-05-10 13:27:15  INFO     [evaluate]  --- [2/5] STYLE CLASSIFIER (TF-IDF + LogReg) ---
2026-05-10 13:27:15  INFO     [evaluate]  type1 | Reference posts → accuracy=0.660  confidence=0.579
2026-05-10 13:27:15  INFO     [evaluate]  type2 | Reference posts → accuracy=0.970  confidence=0.814
2026-05-10 13:27:15  INFO     [evaluate]  type2 | Generated texts → accuracy=0.720  confidence=0.585
2026-05-10 13:27:15  INFO     [evaluate]  --- [3/5] CROSS-TYPE CONFUSION MATRIX ---
2026-05-10 13:27:15  WARNING  [evaluate]  Need --generated-type1 and --generated-type2. Skipping.
2026-05-10 13:27:15  INFO     [evaluate]  --- [4/5] COSINE SIMILARITY (input vs generated) — model: sentence-transformers/LaBSE ---
2026-05-10 13:30:24  WARNING  [evaluate]  type1: no generated outputs, skipping.
2026-05-10 13:30:38  INFO     [evaluate]  type2 | cosine mean=0.6157  median=0.6519  std=0.1670  [0.1091, 0.9325]
2026-05-10 13:30:38  INFO     [evaluate]  --- [5/5] MAUVE (generated vs reference corpus) — model: xlm-roberta-base ---
2026-05-10 13:30:38  WARNING  [evaluate]  type1: no generated outputs, skipping.
2026-05-10 13:31:42  INFO     [evaluate]  type2 | MAUVE=0.0261  frontier_integral=0.6989
2026-05-10 13:31:42  INFO     [evaluate]  Summary → reports/eval/style2/baseline_test_100/eval_summary.json
