2026-05-09 21:37:41  INFO     [prepare_dataset]  log → /Users/anyarulina/telegram-style-transfer/logs/prepare_dataset_20260509_213741.log
2026-05-09 21:37:41  INFO     [prepare_dataset]  max_samples per type: {'type1': 2000, 'type2': 3300}
2026-05-09 21:37:41  INFO     [prepare_dataset]  [type1] Reading /Users/anyarulina/telegram-style-transfer/data/raw/type1/telegram_export.json
2026-05-09 21:37:41  INFO     [prepare_dataset]  [type1] Raw messages: 41777
2026-05-09 21:37:41  INFO     [prepare_dataset]  [type1] After filter (min_chars=50): 36898
2026-05-09 21:37:42  INFO     [prepare_dataset]  [type1] After dedup: 36893
2026-05-09 21:37:42  INFO     [prepare_dataset]  [type1] After sampling (max=2000, newest first): 2000
2026-05-09 21:37:42  INFO     [prepare_dataset]  [type1] Split sizes: {'test': 200, 'train': 1600, 'val': 200}
2026-05-09 21:37:42  INFO     [prepare_dataset]  [type1] Saved interim CSV: /Users/anyarulina/telegram-style-transfer/data/interim/type1_posts.csv
2026-05-09 21:37:42  INFO     [prepare_dataset]  [type1] train → 1600 records → /Users/anyarulina/telegram-style-transfer/data/processed/type1_train.jsonl
2026-05-09 21:37:42  INFO     [prepare_dataset]  [type1] val → 200 records → /Users/anyarulina/telegram-style-transfer/data/processed/type1_val.jsonl
2026-05-09 21:37:42  INFO     [prepare_dataset]  [type1] test → 200 records → /Users/anyarulina/telegram-style-transfer/data/processed/type1_test.jsonl
2026-05-09 21:37:42  INFO     [prepare_dataset]  [type2] Reading /Users/anyarulina/telegram-style-transfer/data/raw/type2/telegram_export.json
2026-05-09 21:37:43  INFO     [prepare_dataset]  [type2] Raw messages: 31414
2026-05-09 21:37:43  INFO     [prepare_dataset]  [type2] After filter (min_chars=50): 25354
2026-05-09 21:37:43  INFO     [prepare_dataset]  [type2] After dedup: 25314
2026-05-09 21:37:43  INFO     [prepare_dataset]  [type2] After sampling (max=3300, newest first): 3300
2026-05-09 21:37:43  INFO     [prepare_dataset]  [type2] Split sizes: {'test': 330, 'train': 2640, 'val': 330}
2026-05-09 21:37:43  INFO     [prepare_dataset]  [type2] Saved interim CSV: /Users/anyarulina/telegram-style-transfer/data/interim/type2_posts.csv
2026-05-09 21:37:43  INFO     [prepare_dataset]  [type2] train → 2640 records → /Users/anyarulina/telegram-style-transfer/data/processed/type2_train.jsonl
2026-05-09 21:37:43  INFO     [prepare_dataset]  [type2] val → 330 records → /Users/anyarulina/telegram-style-transfer/data/processed/type2_val.jsonl
2026-05-09 21:37:43  INFO     [prepare_dataset]  [type2] test → 330 records → /Users/anyarulina/telegram-style-transfer/data/processed/type2_test.jsonl
2026-05-09 21:37:43  INFO     [prepare_dataset]  Split report saved: /Users/anyarulina/telegram-style-transfer/data/processed/split_report.json
